<?xml version="1.0" encoding="UTF-8" ?>
<testsuite failures="0" time="1.048" errors="0" skipped="0" tests="1" name="TestSuite">
  <properties>
    <property name="java.runtime.name" value="Java(TM) SE Runtime Environment"/>
    <property name="sun.boot.library.path" value="/System/Library/Java/JavaVirtualMachines/1.6.0.jdk/Contents/Libraries"/>
    <property name="java.vm.version" value="20.1-b02-383"/>
    <property name="awt.nativeDoubleBuffering" value="true"/>
    <property name="gopherProxySet" value="false"/>
    <property name="mrj.build" value="11A511"/>
    <property name="java.vm.vendor" value="Apple Inc."/>
    <property name="java.vendor.url" value="http://www.apple.com/"/>
    <property name="path.separator" value=":"/>
    <property name="java.vm.name" value="Java HotSpot(TM) 64-Bit Server VM"/>
    <property name="file.encoding.pkg" value="sun.io"/>
    <property name="user.country" value="US"/>
    <property name="sun.java.launcher" value="SUN_STANDARD"/>
    <property name="sun.os.patch.level" value="unknown"/>
    <property name="java.vm.specification.name" value="Java Virtual Machine Specification"/>
    <property name="user.dir" value="/Users/yannick/Projects/wicket-elements/library"/>
    <property name="java.runtime.version" value="1.6.0_26-b03-383-11A511"/>
    <property name="java.awt.graphicsenv" value="apple.awt.CGraphicsEnvironment"/>
    <property name="basedir" value="/Users/yannick/Projects/wicket-elements/library"/>
    <property name="java.endorsed.dirs" value="/System/Library/Java/JavaVirtualMachines/1.6.0.jdk/Contents/Home/lib/endorsed"/>
    <property name="os.arch" value="x86_64"/>
    <property name="surefire.real.class.path" value="/Users/yannick/Projects/wicket-elements/library/target/surefire/surefirebooter8727862397437831654.jar"/>
    <property name="java.io.tmpdir" value="/var/folders/kb/ttmdq_jx3hlfknbgjhq3nvxm0000gn/T/"/>
    <property name="line.separator" value="
"/>
    <property name="java.vm.specification.vendor" value="Sun Microsystems Inc."/>
    <property name="os.name" value="Mac OS X"/>
    <property name="sun.jnu.encoding" value="MacRoman"/>
    <property name="java.library.path" value=".:/Users/yannick/Library/Java/Extensions:/Library/Java/Extensions:/System/Library/Java/Extensions:/usr/lib/java"/>
    <property name="surefire.test.class.path" value="/Users/yannick/Projects/wicket-elements/library/target/test-classes:/Users/yannick/Projects/wicket-elements/library/target/classes:/Users/yannick/.m2/repository/com/googlecode/jbp/jbp-common/1.1.0/jbp-common-1.1.0.jar:/Users/yannick/.m2/repository/commons-lang/commons-lang/2.5/commons-lang-2.5.jar:/Users/yannick/.m2/repository/org/slf4j/jcl-over-slf4j/1.6.1/jcl-over-slf4j-1.6.1.jar:/Users/yannick/.m2/repository/org/apache/wicket/wicket/1.4.18/wicket-1.4.18.jar:/Users/yannick/.m2/repository/org/apache/wicket/wicket-auth-roles/1.4.18/wicket-auth-roles-1.4.18.jar:/Users/yannick/.m2/repository/org/apache/wicket/wicket-extensions/1.4.18/wicket-extensions-1.4.18.jar:/Users/yannick/.m2/repository/org/apache/wicket/wicket-spring/1.4.18/wicket-spring-1.4.18.jar:/Users/yannick/.m2/repository/org/apache/wicket/wicket-ioc/1.4.18/wicket-ioc-1.4.18.jar:/Users/yannick/.m2/repository/cglib/cglib-nodep/2.1_3/cglib-nodep-2.1_3.jar:/Users/yannick/.m2/repository/org/slf4j/slf4j-api/1.6.1/slf4j-api-1.6.1.jar:/Users/yannick/.m2/repository/org/testng/testng/5.14.6/testng-5.14.6.jar:/Users/yannick/.m2/repository/junit/junit/3.8.1/junit-3.8.1.jar:/Users/yannick/.m2/repository/org/beanshell/bsh/2.0b4/bsh-2.0b4.jar:/Users/yannick/.m2/repository/com/google/inject/guice/2.0/guice-2.0.jar:/Users/yannick/.m2/repository/aopalliance/aopalliance/1.0/aopalliance-1.0.jar:/Users/yannick/.m2/repository/com/beust/jcommander/1.12/jcommander-1.12.jar:"/>
    <property name="java.specification.name" value="Java Platform API Specification"/>
    <property name="java.class.version" value="50.0"/>
    <property name="sun.management.compiler" value="HotSpot 64-Bit Tiered Compilers"/>
    <property name="os.version" value="10.7.1"/>
    <property name="http.nonProxyHosts" value="local|*.local|169.254/16|*.169.254/16"/>
    <property name="user.home" value="/Users/yannick"/>
    <property name="user.timezone" value="Europe/Brussels"/>
    <property name="java.awt.printerjob" value="apple.awt.CPrinterJob"/>
    <property name="java.specification.version" value="1.6"/>
    <property name="file.encoding" value="MacRoman"/>
    <property name="user.name" value="yannick"/>
    <property name="java.class.path" value="/Users/yannick/Projects/wicket-elements/library/target/test-classes:/Users/yannick/Projects/wicket-elements/library/target/classes:/Users/yannick/.m2/repository/com/googlecode/jbp/jbp-common/1.1.0/jbp-common-1.1.0.jar:/Users/yannick/.m2/repository/commons-lang/commons-lang/2.5/commons-lang-2.5.jar:/Users/yannick/.m2/repository/org/slf4j/jcl-over-slf4j/1.6.1/jcl-over-slf4j-1.6.1.jar:/Users/yannick/.m2/repository/org/apache/wicket/wicket/1.4.18/wicket-1.4.18.jar:/Users/yannick/.m2/repository/org/apache/wicket/wicket-auth-roles/1.4.18/wicket-auth-roles-1.4.18.jar:/Users/yannick/.m2/repository/org/apache/wicket/wicket-extensions/1.4.18/wicket-extensions-1.4.18.jar:/Users/yannick/.m2/repository/org/apache/wicket/wicket-spring/1.4.18/wicket-spring-1.4.18.jar:/Users/yannick/.m2/repository/org/apache/wicket/wicket-ioc/1.4.18/wicket-ioc-1.4.18.jar:/Users/yannick/.m2/repository/cglib/cglib-nodep/2.1_3/cglib-nodep-2.1_3.jar:/Users/yannick/.m2/repository/org/slf4j/slf4j-api/1.6.1/slf4j-api-1.6.1.jar:/Users/yannick/.m2/repository/org/testng/testng/5.14.6/testng-5.14.6.jar:/Users/yannick/.m2/repository/junit/junit/3.8.1/junit-3.8.1.jar:/Users/yannick/.m2/repository/org/beanshell/bsh/2.0b4/bsh-2.0b4.jar:/Users/yannick/.m2/repository/com/google/inject/guice/2.0/guice-2.0.jar:/Users/yannick/.m2/repository/aopalliance/aopalliance/1.0/aopalliance-1.0.jar:/Users/yannick/.m2/repository/com/beust/jcommander/1.12/jcommander-1.12.jar:"/>
    <property name="java.vm.specification.version" value="1.0"/>
    <property name="sun.arch.data.model" value="64"/>
    <property name="java.home" value="/System/Library/Java/JavaVirtualMachines/1.6.0.jdk/Contents/Home"/>
    <property name="sun.java.command" value="/Users/yannick/Projects/wicket-elements/library/target/surefire/surefirebooter8727862397437831654.jar /Users/yannick/Projects/wicket-elements/library/target/surefire/surefire8412843993136745608tmp /Users/yannick/Projects/wicket-elements/library/target/surefire/surefire1248448924881908925tmp"/>
    <property name="java.specification.vendor" value="Sun Microsystems Inc."/>
    <property name="user.language" value="en"/>
    <property name="awt.toolkit" value="apple.awt.CToolkit"/>
    <property name="java.vm.info" value="mixed mode"/>
    <property name="java.version" value="1.6.0_26"/>
    <property name="java.ext.dirs" value="/Users/yannick/Library/Java/Extensions:/Library/Java/Extensions:/System/Library/Java/Extensions:/System/Library/Java/JavaVirtualMachines/1.6.0.jdk/Contents/Home/lib/ext"/>
    <property name="sun.boot.class.path" value="/System/Library/Java/JavaVirtualMachines/1.6.0.jdk/Contents/Classes/jsfd.jar:/System/Library/Java/JavaVirtualMachines/1.6.0.jdk/Contents/Classes/classes.jar:/System/Library/Frameworks/JavaVM.framework/Frameworks/JavaRuntimeSupport.framework/Resources/Java/JavaRuntimeSupport.jar:/System/Library/Java/JavaVirtualMachines/1.6.0.jdk/Contents/Classes/ui.jar:/System/Library/Java/JavaVirtualMachines/1.6.0.jdk/Contents/Classes/laf.jar:/System/Library/Java/JavaVirtualMachines/1.6.0.jdk/Contents/Classes/sunrsasign.jar:/System/Library/Java/JavaVirtualMachines/1.6.0.jdk/Contents/Classes/jsse.jar:/System/Library/Java/JavaVirtualMachines/1.6.0.jdk/Contents/Classes/jce.jar:/System/Library/Java/JavaVirtualMachines/1.6.0.jdk/Contents/Classes/charsets.jar"/>
    <property name="java.vendor" value="Apple Inc."/>
    <property name="localRepository" value="/Users/yannick/.m2/repository"/>
    <property name="file.separator" value="/"/>
    <property name="java.vendor.url.bug" value="http://bugreport.apple.com/"/>
    <property name="sun.cpu.endian" value="little"/>
    <property name="sun.io.unicode.encoding" value="UnicodeLittle"/>
    <property name="mrj.version" value="1070.1.6.0_26-383"/>
    <property name="socksNonProxyHosts" value="local|*.local|169.254/16|*.169.254/16"/>
    <property name="ftp.nonProxyHosts" value="local|*.local|169.254/16|*.169.254/16"/>
    <property name="sun.cpu.isalist" value=""/>
  </properties>
  <testcase time="0.067" classname="com.googlecode.wicketelements.library.behavior.LessFileHeaderContributorTest" name="testContributor"/>
</testsuite>